[debug] [vite] connecting...
[debug] [vite] connected.
[info] %cDownload the React DevTools for a better development experience: https://reactjs.org/link/react-devtools font-weight:bold
[warning] ⚠️ React Router Future Flag Warning: React Router will begin wrapping state updates in `React.startTransition` in v7. You can use the `v7_startTransition` future flag to opt-in early. For more information, see https://reactrouter.com/v6/upgrading/future#v7_starttransition.
[warning] ⚠️ React Router Future Flag Warning: Relative route resolution within Splat routes is changing in v7. You can use the `v7_relativeSplatPath` future flag to opt-in early. For more information, see https://reactrouter.com/v6/upgrading/future#v7_relativesplatpath.
[debug] [asset] load_start /assets/office_shell.glb
[debug] [asset] cache_hit /assets/office_shell.glb
[debug] [asset] load_progress /assets/office_shell.glb
[info] [asset] load_success /assets/office_shell.glb 7ms
[debug] [asset] load_start /assets/blocker_cone.glb
[debug] [asset] cache_hit /assets/blocker_cone.glb
[debug] [asset] load_progress /assets/blocker_cone.glb
[info] [asset] load_success /assets/blocker_cone.glb 4ms
[debug] [asset] load_start /assets/shelf.glb
[debug] [asset] cache_hit /assets/shelf.glb
[debug] [asset] load_progress /assets/shelf.glb
[debug] [asset] load_progress /assets/shelf.glb
[debug] [asset] load_progress /assets/shelf.glb
[debug] [asset] load_progress /assets/shelf.glb
[debug] [asset] load_progress /assets/shelf.glb
[debug] [asset] load_progress /assets/shelf.glb
[debug] [asset] load_progress /assets/shelf.glb
[debug] [asset] load_progress /assets/shelf.glb
[debug] [asset] load_progress /assets/shelf.glb
[debug] [asset] load_progress /assets/shelf.glb
[debug] [asset] load_progress /assets/shelf.glb
[debug] [asset] load_progress /assets/shelf.glb
[debug] [asset] load_progress /assets/shelf.glb
[debug] [asset] load_progress /assets/shelf.glb
[debug] [asset] load_progress /assets/shelf.glb
[debug] [asset] load_progress /assets/shelf.glb
[debug] [asset] load_progress /assets/shelf.glb
[debug] [asset] load_progress /assets/shelf.glb
[debug] [asset] load_progress /assets/shelf.glb
[debug] [asset] load_progress /assets/shelf.glb
[debug] [asset] load_progress /assets/shelf.glb
[debug] [asset] load_progress /assets/shelf.glb
[debug] [asset] load_progress /assets/shelf.glb
[debug] [asset] load_progress /assets/shelf.glb
[debug] [asset] load_progress /assets/shelf.glb
[debug] [asset] load_progress /assets/shelf.glb
[debug] [asset] load_progress /assets/shelf.glb
[debug] [asset] load_progress /assets/shelf.glb
[debug] [asset] load_progress /assets/shelf.glb
[debug] [asset] load_progress /assets/shelf.glb
[debug] [asset] load_progress /assets/shelf.glb
[debug] [asset] load_progress /assets/shelf.glb
[debug] [asset] load_progress /assets/shelf.glb
[debug] [asset] load_progress /assets/shelf.glb
[debug] [asset] load_progress /assets/shelf.glb
[debug] [asset] load_progress /assets/shelf.glb
[debug] [asset] load_progress /assets/shelf.glb
[debug] [asset] load_progress /assets/shelf.glb
[debug] [asset] load_progress /assets/shelf.glb
[debug] [asset] load_progress /assets/shelf.glb
[debug] [asset] load_progress /assets/shelf.glb
[debug] [asset] load_progress /assets/shelf.glb
[debug] [asset] load_progress /assets/shelf.glb
[debug] [asset] load_progress /assets/shelf.glb
[debug] [asset] load_progress /assets/shelf.glb
[debug] [asset] load_progress /assets/shelf.glb
[debug] [asset] load_progress /assets/shelf.glb
[debug] [asset] load_progress /assets/shelf.glb
[debug] [asset] load_progress /assets/shelf.glb
[debug] [asset] load_progress /assets/shelf.glb
[debug] [asset] load_progress /assets/shelf.glb
[debug] [asset] load_progress /assets/shelf.glb
[debug] [asset] load_progress /assets/shelf.glb
[debug] [asset] load_progress /assets/shelf.glb
[debug] [asset] load_progress /assets/shelf.glb
[debug] [asset] load_progress /assets/shelf.glb
[debug] [asset] load_progress /assets/shelf.glb
[debug] [asset] load_progress /assets/shelf.glb
[debug] [asset] load_progress /assets/shelf.glb
[debug] [asset] load_progress /assets/shelf.glb
[debug] [asset] load_progress /assets/shelf.glb
[debug] [asset] load_progress /assets/shelf.glb
[debug] [asset] load_progress /assets/shelf.glb
[debug] [asset] load_progress /assets/shelf.glb
[debug] [asset] load_progress /assets/shelf.glb
[debug] [asset] load_progress /assets/shelf.glb
[debug] [asset] load_progress /assets/shelf.glb
[debug] [asset] load_progress /assets/shelf.glb
[debug] [asset] load_progress /assets/shelf.glb
[debug] [asset] load_progress /assets/shelf.glb
[debug] [asset] load_progress /assets/shelf.glb
[debug] [asset] load_progress /assets/shelf.glb
[debug] [asset] load_progress /assets/shelf.glb
[debug] [asset] load_progress /assets/shelf.glb
[debug] [asset] load_progress /assets/shelf.glb
[debug] [asset] load_progress /assets/shelf.glb
[debug] [asset] load_progress /assets/shelf.glb
[debug] [asset] load_progress /assets/shelf.glb
[debug] [asset] load_progress /assets/shelf.glb
[debug] [asset] load_progress /assets/shelf.glb
[debug] [asset] load_progress /assets/shelf.glb
[debug] [asset] load_progress /assets/shelf.glb
[debug] [asset] load_progress /assets/shelf.glb
[debug] [asset] load_progress /assets/shelf.glb
[debug] [asset] load_progress /assets/shelf.glb
[debug] [asset] load_progress /assets/shelf.glb
[debug] [asset] load_progress /assets/shelf.glb
[debug] [asset] load_progress /assets/shelf.glb
[debug] [asset] load_progress /assets/shelf.glb
[debug] [asset] load_progress /assets/shelf.glb
[debug] [asset] load_progress /assets/shelf.glb
[debug] [asset] load_progress /assets/shelf.glb
[debug] [asset] load_progress /assets/shelf.glb
[debug] [asset] load_progress /assets/shelf.glb
[debug] [asset] load_progress /assets/shelf.glb
[debug] [asset] load_progress /assets/shelf.glb
[debug] [asset] load_progress /assets/shelf.glb
[debug] [asset] load_progress /assets/shelf.glb
[debug] [asset] load_progress /assets/shelf.glb
[debug] [asset] load_progress /assets/shelf.glb
[debug] [asset] load_progress /assets/shelf.glb
[debug] [asset] load_progress /assets/shelf.glb
[debug] [asset] load_progress /assets/shelf.glb
[debug] [asset] load_progress /assets/shelf.glb
[debug] [asset] load_progress /assets/shelf.glb
[debug] [asset] load_progress /assets/shelf.glb
[debug] [asset] load_progress /assets/shelf.glb
[debug] [asset] load_progress /assets/shelf.glb
[debug] [asset] load_progress /assets/shelf.glb
[debug] [asset] load_progress /assets/shelf.glb
[debug] [asset] load_progress /assets/shelf.glb
[debug] [asset] load_progress /assets/shelf.glb
[debug] [asset] load_progress /assets/shelf.glb
[debug] [asset] load_progress /assets/shelf.glb
[debug] [asset] load_progress /assets/shelf.glb
[debug] [asset] load_progress /assets/shelf.glb
[debug] [asset] load_progress /assets/shelf.glb
[debug] [asset] load_progress /assets/shelf.glb
[debug] [asset] load_progress /assets/shelf.glb
[debug] [asset] load_progress /assets/shelf.glb
[debug] [asset] load_progress /assets/shelf.glb
[debug] [asset] load_progress /assets/shelf.glb
[debug] [asset] load_progress /assets/shelf.glb
[debug] [asset] load_progress /assets/shelf.glb
[debug] [asset] load_progress /assets/shelf.glb
[debug] [asset] load_progress /assets/shelf.glb
[debug] [asset] load_progress /assets/shelf.glb
[debug] [asset] load_progress /assets/shelf.glb
[debug] [asset] load_progress /assets/shelf.glb
[debug] [asset] load_progress /assets/shelf.glb
[debug] [asset] load_progress /assets/shelf.glb
[debug] [asset] load_progress /assets/shelf.glb
[debug] [asset] load_progress /assets/shelf.glb
[debug] [asset] load_progress /assets/shelf.glb
[debug] [asset] load_progress /assets/shelf.glb
[debug] [asset] load_progress /assets/shelf.glb
[debug] [asset] load_progress /assets/shelf.glb
[debug] [asset] load_progress /assets/shelf.glb
[debug] [asset] load_progress /assets/shelf.glb
[debug] [asset] load_progress /assets/shelf.glb
[debug] [asset] load_progress /assets/shelf.glb
[debug] [asset] load_progress /assets/shelf.glb
[debug] [asset] load_progress /assets/shelf.glb
[debug] [asset] load_progress /assets/shelf.glb
[debug] [asset] load_progress /assets/shelf.glb
[debug] [asset] load_progress /assets/shelf.glb
[debug] [asset] load_progress /assets/shelf.glb
[debug] [asset] load_progress /assets/shelf.glb
[debug] [asset] load_progress /assets/shelf.glb
[debug] [asset] load_progress /assets/shelf.glb
[debug] [asset] load_progress /assets/shelf.glb
[debug] [asset] load_progress /assets/shelf.glb
[debug] [asset] load_progress /assets/shelf.glb
[debug] [asset] load_progress /assets/shelf.glb
[debug] [asset] load_progress /assets/shelf.glb
[warning] [.WebGL-0x13c00199600]GL Driver Message (OpenGL, Performance, GL_CLOSE_PATH_NV, High): GPU stall due to ReadPixels
[warning] [.WebGL-0x13c00199600]GL Driver Message (OpenGL, Performance, GL_CLOSE_PATH_NV, High): GPU stall due to ReadPixels
[warning] [.WebGL-0x13c00199600]GL Driver Message (OpenGL, Performance, GL_CLOSE_PATH_NV, High): GPU stall due to ReadPixels
[warning] [.WebGL-0x13c00199600]GL Driver Message (OpenGL, Performance, GL_CLOSE_PATH_NV, High): GPU stall due to ReadPixels (this message will no longer repeat)
[debug] [asset] load_start /assets/agent1_skeleton.glb
[debug] [asset] load_start /assets/agent1_animations.glb
[debug] [asset] load_progress /assets/agent1_skeleton.glb
[debug] [asset] load_progress /assets/agent1_skeleton.glb
[debug] [asset] load_progress /assets/agent1_animations.glb
[debug] [asset] load_progress /assets/agent1_animations.glb
[debug] [asset] load_progress /assets/agent1_skeleton.glb
[debug] [asset] load_progress /assets/agent1_skeleton.glb
[debug] [asset] load_progress /assets/agent1_skeleton.glb
[debug] [asset] load_progress /assets/agent1_skeleton.glb
[debug] [asset] load_progress /assets/agent1_skeleton.glb
[debug] [asset] load_progress /assets/agent1_skeleton.glb
[debug] [asset] load_progress /assets/agent1_animations.glb
[debug] [asset] load_progress /assets/agent1_animations.glb
[debug] [asset] load_progress /assets/agent1_skeleton.glb
[debug] [asset] load_progress /assets/agent1_skeleton.glb
[debug] [asset] load_progress /assets/agent1_skeleton.glb
[debug] [asset] load_progress /assets/agent1_skeleton.glb
[debug] [asset] load_progress /assets/agent1_skeleton.glb
[debug] [asset] load_progress /assets/agent1_animations.glb
[debug] [asset] load_progress /assets/agent1_animations.glb
[debug] [asset] load_progress /assets/agent1_animations.glb
[debug] [asset] load_progress /assets/agent1_animations.glb
[debug] [asset] load_progress /assets/agent1_animations.glb
[debug] [asset] load_progress /assets/agent1_animations.glb
[debug] [asset] load_progress /assets/agent1_animations.glb
[debug] [asset] load_progress /assets/agent1_animations.glb
[debug] [asset] load_progress /assets/agent1_animations.glb
[debug] [asset] load_progress /assets/agent1_animations.glb
[debug] [asset] load_progress /assets/agent1_animations.glb
[debug] [asset] load_progress /assets/agent1_animations.glb
[debug] [asset] load_progress /assets/agent1_animations.glb
[debug] [asset] load_progress /assets/agent1_animations.glb
[debug] [asset] load_progress /assets/agent1_animations.glb
[debug] [asset] load_progress /assets/agent1_animations.glb
[debug] [asset] load_progress /assets/agent1_animations.glb
[debug] [asset] load_progress /assets/agent1_animations.glb
[info] [asset] load_success /assets/shelf.glb 1036ms
[debug] [asset] load_start /assets/desk.glb
[debug] [asset] cache_hit /assets/desk.glb
[debug] [asset] load_progress /assets/desk.glb
[debug] [asset] load_progress /assets/desk.glb
[debug] [asset] load_progress /assets/desk.glb
[debug] [asset] load_progress /assets/desk.glb
[debug] [asset] load_progress /assets/desk.glb
[debug] [asset] load_progress /assets/desk.glb
[debug] [asset] load_progress /assets/desk.glb
[debug] [asset] load_progress /assets/desk.glb
[debug] [asset] load_progress /assets/desk.glb
[debug] [asset] load_progress /assets/desk.glb
[debug] [asset] load_progress /assets/desk.glb
[debug] [asset] load_progress /assets/desk.glb
[debug] [asset] load_progress /assets/desk.glb
[debug] [asset] load_progress /assets/desk.glb
[info] [asset] load_success /assets/agent1_skeleton.glb 1166ms
[debug] [asset] load_progress /assets/desk.glb
[debug] [asset] load_progress /assets/desk.glb
[info] [asset] load_success /assets/agent1_animations.glb 1268ms
[info] [asset] load_success /assets/desk.glb 5195ms
[debug] [asset] load_start /assets/inbox.glb
[debug] [asset] cache_hit /assets/inbox.glb
[debug] [vite] connecting...
[debug] [vite] connected.
[info] %cDownload the React DevTools for a better development experience: https://reactjs.org/link/react-devtools font-weight:bold
[warning] ⚠️ React Router Future Flag Warning: React Router will begin wrapping state updates in `React.startTransition` in v7. You can use the `v7_startTransition` future flag to opt-in early. For more information, see https://reactrouter.com/v6/upgrading/future#v7_starttransition.
[warning] ⚠️ React Router Future Flag Warning: Relative route resolution within Splat routes is changing in v7. You can use the `v7_relativeSplatPath` future flag to opt-in early. For more information, see https://reactrouter.com/v6/upgrading/future#v7_relativesplatpath.
[debug] [asset] load_start /assets/office_shell.glb
[debug] [asset] cache_hit /assets/office_shell.glb
[debug] [asset] load_progress /assets/office_shell.glb
[info] [asset] load_success /assets/office_shell.glb 19ms
[debug] [asset] load_start /assets/blocker_cone.glb
[debug] [asset] cache_hit /assets/blocker_cone.glb
[debug] [asset] load_progress /assets/blocker_cone.glb
[info] [asset] load_success /assets/blocker_cone.glb 16ms
[debug] [asset] load_start /assets/shelf.glb
[debug] [asset] cache_hit /assets/shelf.glb
[debug] [asset] load_progress /assets/shelf.glb
[debug] [asset] load_progress /assets/shelf.glb
[debug] [asset] load_progress /assets/shelf.glb
[debug] [asset] load_progress /assets/shelf.glb
[debug] [asset] load_progress /assets/shelf.glb
[debug] [asset] load_progress /assets/shelf.glb
[debug] [asset] load_progress /assets/shelf.glb
[debug] [asset] load_progress /assets/shelf.glb
[debug] [asset] load_progress /assets/shelf.glb
[debug] [asset] load_progress /assets/shelf.glb
[debug] [asset] load_progress /assets/shelf.glb
[debug] [asset] load_progress /assets/shelf.glb
[debug] [asset] load_progress /assets/shelf.glb
[debug] [asset] load_progress /assets/shelf.glb
[debug] [asset] load_progress /assets/shelf.glb
[debug] [asset] load_progress /assets/shelf.glb
[debug] [asset] load_progress /assets/shelf.glb
[debug] [asset] load_progress /assets/shelf.glb
[debug] [asset] load_progress /assets/shelf.glb
[debug] [asset] load_progress /assets/shelf.glb
[debug] [asset] load_progress /assets/shelf.glb
[debug] [asset] load_progress /assets/shelf.glb
[debug] [asset] load_progress /assets/shelf.glb
[debug] [asset] load_progress /assets/shelf.glb
[debug] [asset] load_progress /assets/shelf.glb
[debug] [asset] load_progress /assets/shelf.glb
[debug] [asset] load_progress /assets/shelf.glb
[debug] [asset] load_progress /assets/shelf.glb
[debug] [asset] load_progress /assets/shelf.glb
[debug] [asset] load_progress /assets/shelf.glb
[debug] [asset] load_progress /assets/shelf.glb
[debug] [asset] load_progress /assets/shelf.glb
[debug] [asset] load_progress /assets/shelf.glb
[debug] [asset] load_progress /assets/shelf.glb
[debug] [asset] load_progress /assets/shelf.glb
[debug] [asset] load_progress /assets/shelf.glb
[debug] [asset] load_progress /assets/shelf.glb
[debug] [asset] load_progress /assets/shelf.glb
[debug] [asset] load_progress /assets/shelf.glb
[debug] [asset] load_progress /assets/shelf.glb
[debug] [asset] load_progress /assets/shelf.glb
[debug] [asset] load_progress /assets/shelf.glb
[debug] [asset] load_progress /assets/shelf.glb
[debug] [asset] load_progress /assets/shelf.glb
[debug] [asset] load_progress /assets/shelf.glb
[debug] [asset] load_progress /assets/shelf.glb
[debug] [asset] load_progress /assets/shelf.glb
[debug] [asset] load_progress /assets/shelf.glb
[debug] [asset] load_progress /assets/shelf.glb
[debug] [asset] load_progress /assets/shelf.glb
[debug] [asset] load_progress /assets/shelf.glb
[debug] [asset] load_progress /assets/shelf.glb
[debug] [asset] load_progress /assets/shelf.glb
[debug] [asset] load_progress /assets/shelf.glb
[debug] [asset] load_progress /assets/shelf.glb
[debug] [asset] load_progress /assets/shelf.glb
[debug] [asset] load_progress /assets/shelf.glb
[debug] [asset] load_progress /assets/shelf.glb
[debug] [asset] load_progress /assets/shelf.glb
[debug] [asset] load_progress /assets/shelf.glb
[debug] [asset] load_progress /assets/shelf.glb
[debug] [asset] load_progress /assets/shelf.glb
[debug] [asset] load_progress /assets/shelf.glb
[debug] [asset] load_progress /assets/shelf.glb
[debug] [asset] load_progress /assets/shelf.glb
[debug] [asset] load_progress /assets/shelf.glb
[debug] [asset] load_progress /assets/shelf.glb
[debug] [asset] load_progress /assets/shelf.glb
[debug] [asset] load_progress /assets/shelf.glb
[debug] [asset] load_progress /assets/shelf.glb
[debug] [asset] load_progress /assets/shelf.glb
[debug] [asset] load_progress /assets/shelf.glb
[debug] [asset] load_progress /assets/shelf.glb
[debug] [asset] load_progress /assets/shelf.glb
[debug] [asset] load_progress /assets/shelf.glb
[debug] [asset] load_progress /assets/shelf.glb
[debug] [asset] load_progress /assets/shelf.glb
[debug] [asset] load_progress /assets/shelf.glb
[debug] [asset] load_progress /assets/shelf.glb
[debug] [asset] load_progress /assets/shelf.glb
[debug] [asset] load_progress /assets/shelf.glb
[debug] [asset] load_progress /assets/shelf.glb
[debug] [asset] load_progress /assets/shelf.glb
[debug] [asset] load_progress /assets/shelf.glb
[debug] [asset] load_progress /assets/shelf.glb
[debug] [asset] load_progress /assets/shelf.glb
[debug] [asset] load_progress /assets/shelf.glb
[debug] [asset] load_progress /assets/shelf.glb
[debug] [asset] load_progress /assets/shelf.glb
[debug] [asset] load_progress /assets/shelf.glb
[debug] [asset] load_progress /assets/shelf.glb
[debug] [asset] load_progress /assets/shelf.glb
[debug] [asset] load_progress /assets/shelf.glb
[debug] [asset] load_progress /assets/shelf.glb
[debug] [asset] load_progress /assets/shelf.glb
[debug] [asset] load_progress /assets/shelf.glb
[debug] [asset] load_progress /assets/shelf.glb
[debug] [asset] load_progress /assets/shelf.glb
[debug] [asset] load_progress /assets/shelf.glb
[debug] [asset] load_progress /assets/shelf.glb
[debug] [asset] load_progress /assets/shelf.glb
[debug] [asset] load_progress /assets/shelf.glb
[debug] [asset] load_progress /assets/shelf.glb
[debug] [asset] load_progress /assets/shelf.glb
[debug] [asset] load_progress /assets/shelf.glb
[debug] [asset] load_progress /assets/shelf.glb
[debug] [asset] load_progress /assets/shelf.glb
[debug] [asset] load_progress /assets/shelf.glb
[debug] [asset] load_progress /assets/shelf.glb
[debug] [asset] load_progress /assets/shelf.glb
[debug] [asset] load_progress /assets/shelf.glb
[debug] [asset] load_progress /assets/shelf.glb
[debug] [asset] load_progress /assets/shelf.glb
[debug] [asset] load_progress /assets/shelf.glb
[debug] [asset] load_progress /assets/shelf.glb
[debug] [asset] load_progress /assets/shelf.glb
[debug] [asset] load_progress /assets/shelf.glb
[debug] [asset] load_progress /assets/shelf.glb
[debug] [asset] load_progress /assets/shelf.glb
[debug] [asset] load_progress /assets/shelf.glb
[debug] [asset] load_progress /assets/shelf.glb
[debug] [asset] load_progress /assets/shelf.glb
[debug] [asset] load_progress /assets/shelf.glb
[debug] [asset] load_progress /assets/shelf.glb
[debug] [asset] load_progress /assets/shelf.glb
[debug] [asset] load_progress /assets/shelf.glb
[debug] [asset] load_progress /assets/shelf.glb
[debug] [asset] load_progress /assets/shelf.glb
[debug] [asset] load_progress /assets/shelf.glb
[debug] [asset] load_progress /assets/shelf.glb
[debug] [asset] load_progress /assets/shelf.glb
[debug] [asset] load_progress /assets/shelf.glb
[debug] [asset] load_progress /assets/shelf.glb
[debug] [asset] load_progress /assets/shelf.glb
[debug] [asset] load_progress /assets/shelf.glb
[debug] [asset] load_progress /assets/shelf.glb
[debug] [asset] load_progress /assets/shelf.glb
[debug] [asset] load_progress /assets/shelf.glb
[debug] [asset] load_progress /assets/shelf.glb
[debug] [asset] load_progress /assets/shelf.glb
[debug] [asset] load_progress /assets/shelf.glb
[debug] [asset] load_progress /assets/shelf.glb
[debug] [asset] load_progress /assets/shelf.glb
[debug] [asset] load_progress /assets/shelf.glb
[debug] [asset] load_progress /assets/shelf.glb
[debug] [asset] load_progress /assets/shelf.glb
[debug] [asset] load_progress /assets/shelf.glb
[debug] [asset] load_progress /assets/shelf.glb
[debug] [asset] load_progress /assets/shelf.glb
[debug] [asset] load_progress /assets/shelf.glb
[debug] [asset] load_progress /assets/shelf.glb
[debug] [asset] load_progress /assets/shelf.glb
[debug] [asset] load_progress /assets/shelf.glb
[debug] [asset] load_progress /assets/shelf.glb
[debug] [asset] load_progress /assets/shelf.glb
[debug] [asset] load_progress /assets/shelf.glb
[debug] [asset] load_progress /assets/shelf.glb
[debug] [asset] load_progress /assets/shelf.glb
[debug] [asset] load_progress /assets/shelf.glb
[debug] [asset] load_progress /assets/shelf.glb
[debug] [asset] load_progress /assets/shelf.glb
[debug] [asset] load_progress /assets/shelf.glb
[debug] [asset] load_progress /assets/shelf.glb
[debug] [asset] load_progress /assets/shelf.glb
[debug] [asset] load_progress /assets/shelf.glb
[debug] [asset] load_progress /assets/shelf.glb
[debug] [asset] load_progress /assets/shelf.glb
[debug] [asset] load_progress /assets/shelf.glb
[debug] [asset] load_progress /assets/shelf.glb
[debug] [asset] load_progress /assets/shelf.glb
[debug] [asset] load_progress /assets/shelf.glb
[debug] [asset] load_progress /assets/shelf.glb
[debug] [asset] load_progress /assets/shelf.glb
[debug] [asset] load_progress /assets/shelf.glb
[debug] [asset] load_progress /assets/shelf.glb
[debug] [asset] load_progress /assets/shelf.glb
[debug] [asset] load_progress /assets/shelf.glb
[debug] [asset] load_progress /assets/shelf.glb
[debug] [asset] load_progress /assets/shelf.glb
[debug] [asset] load_progress /assets/shelf.glb
[debug] [asset] load_progress /assets/shelf.glb
[debug] [asset] load_progress /assets/shelf.glb
[debug] [asset] load_progress /assets/shelf.glb
[debug] [asset] load_progress /assets/shelf.glb
[debug] [asset] load_progress /assets/shelf.glb
[debug] [asset] load_progress /assets/shelf.glb
[debug] [asset] load_progress /assets/shelf.glb
[debug] [asset] load_progress /assets/shelf.glb
[debug] [asset] load_progress /assets/shelf.glb
[debug] [asset] load_progress /assets/shelf.glb
[debug] [asset] load_progress /assets/shelf.glb
[debug] [asset] load_progress /assets/shelf.glb
[debug] [asset] load_progress /assets/shelf.glb
[info] [asset] load_success /assets/shelf.glb 469ms
[debug] [asset] load_start /assets/desk.glb
[debug] [asset] cache_hit /assets/desk.glb
[debug] [asset] load_progress /assets/desk.glb
[debug] [asset] load_progress /assets/desk.glb
[debug] [asset] load_progress /assets/desk.glb
[debug] [asset] load_progress /assets/desk.glb
[debug] [asset] load_progress /assets/desk.glb
[debug] [asset] load_progress /assets/desk.glb
[debug] [asset] load_progress /assets/desk.glb
[debug] [asset] load_progress /assets/desk.glb
[debug] [asset] load_progress /assets/desk.glb
[debug] [asset] load_progress /assets/desk.glb
[debug] [asset] load_progress /assets/desk.glb
[debug] [asset] load_progress /assets/desk.glb
[debug] [asset] load_progress /assets/desk.glb
[debug] [asset] load_progress /assets/desk.glb
[debug] [asset] load_progress /assets/desk.glb
[debug] [asset] load_progress /assets/desk.glb
[debug] [asset] load_progress /assets/desk.glb
[debug] [asset] load_progress /assets/desk.glb
[debug] [asset] load_progress /assets/desk.glb
[debug] [asset] load_progress /assets/desk.glb
[debug] [asset] load_progress /assets/desk.glb
[debug] [asset] load_progress /assets/desk.glb
[debug] [asset] load_progress /assets/desk.glb
[debug] [asset] load_progress /assets/desk.glb
[debug] [asset] load_progress /assets/desk.glb
[debug] [asset] load_progress /assets/desk.glb
[debug] [asset] load_progress /assets/desk.glb
[debug] [asset] load_progress /assets/desk.glb
[debug] [asset] load_progress /assets/desk.glb
[debug] [asset] load_progress /assets/desk.glb
[debug] [asset] load_progress /assets/desk.glb
[debug] [asset] load_progress /assets/desk.glb
[debug] [asset] load_progress /assets/desk.glb
[debug] [asset] load_progress /assets/desk.glb
[debug] [asset] load_progress /assets/desk.glb
[debug] [asset] load_progress /assets/desk.glb
[debug] [asset] load_progress /assets/desk.glb
[debug] [asset] load_progress /assets/desk.glb
[debug] [asset] load_progress /assets/desk.glb
[debug] [asset] load_progress /assets/desk.glb
[debug] [asset] load_progress /assets/desk.glb
[debug] [asset] load_progress /assets/desk.glb
[debug] [asset] load_progress /assets/desk.glb
[debug] [asset] load_progress /assets/desk.glb
[debug] [asset] load_progress /assets/desk.glb
[debug] [asset] load_progress /assets/desk.glb
[debug] [asset] load_progress /assets/desk.glb
[debug] [asset] load_progress /assets/desk.glb
[debug] [asset] load_progress /assets/desk.glb
[debug] [asset] load_progress /assets/desk.glb
[debug] [asset] load_progress /assets/desk.glb
[debug] [asset] load_progress /assets/desk.glb
[debug] [asset] load_progress /assets/desk.glb
[debug] [asset] load_progress /assets/desk.glb
[debug] [asset] load_progress /assets/desk.glb
[debug] [asset] load_progress /assets/desk.glb
[debug] [asset] load_progress /assets/desk.glb
[debug] [asset] load_progress /assets/desk.glb
[debug] [asset] load_progress /assets/desk.glb
[debug] [asset] load_progress /assets/desk.glb
[debug] [asset] load_progress /assets/desk.glb
[debug] [asset] load_progress /assets/desk.glb
[debug] [asset] load_progress /assets/desk.glb
[debug] [asset] load_progress /assets/desk.glb
[debug] [asset] load_progress /assets/desk.glb
[debug] [asset] load_progress /assets/desk.glb
[debug] [asset] load_progress /assets/desk.glb
[debug] [asset] load_progress /assets/desk.glb
[debug] [asset] load_progress /assets/desk.glb
[debug] [asset] load_progress /assets/desk.glb
[debug] [asset] load_progress /assets/desk.glb
[debug] [asset] load_progress /assets/desk.glb
[debug] [asset] load_progress /assets/desk.glb
[debug] [asset] load_progress /assets/desk.glb
[debug] [asset] load_progress /assets/desk.glb
[debug] [asset] load_progress /assets/desk.glb
[debug] [asset] load_progress /assets/desk.glb
[debug] [asset] load_progress /assets/desk.glb
[debug] [asset] load_progress /assets/desk.glb
[debug] [asset] load_progress /assets/desk.glb
[debug] [asset] load_progress /assets/desk.glb
[debug] [asset] load_progress /assets/desk.glb
[debug] [asset] load_progress /assets/desk.glb
[debug] [asset] load_progress /assets/desk.glb
[debug] [asset] load_progress /assets/desk.glb
[debug] [asset] load_progress /assets/desk.glb
[debug] [asset] load_progress /assets/desk.glb
[debug] [asset] load_progress /assets/desk.glb
[debug] [asset] load_progress /assets/desk.glb
[debug] [asset] load_progress /assets/desk.glb
[debug] [asset] load_progress /assets/desk.glb
[debug] [asset] load_progress /assets/desk.glb
[debug] [asset] load_progress /assets/desk.glb
[debug] [asset] load_progress /assets/desk.glb
[debug] [asset] load_progress /assets/desk.glb
[debug] [asset] load_progress /assets/desk.glb
[debug] [asset] load_progress /assets/desk.glb
[debug] [asset] load_progress /assets/desk.glb
[debug] [asset] load_progress /assets/desk.glb
[debug] [asset] load_progress /assets/desk.glb
[debug] [asset] load_progress /assets/desk.glb
[debug] [asset] load_progress /assets/desk.glb
[debug] [asset] load_progress /assets/desk.glb
[debug] [asset] load_progress /assets/desk.glb
[debug] [asset] load_progress /assets/desk.glb
[debug] [asset] load_progress /assets/desk.glb
[debug] [asset] load_progress /assets/desk.glb
[debug] [asset] load_progress /assets/desk.glb
[debug] [asset] load_progress /assets/desk.glb
[debug] [asset] load_progress /assets/desk.glb
[debug] [asset] load_progress /assets/desk.glb
[debug] [asset] load_progress /assets/desk.glb
[debug] [asset] load_progress /assets/desk.glb
[debug] [asset] load_progress /assets/desk.glb
[debug] [asset] load_progress /assets/desk.glb
[debug] [asset] load_progress /assets/desk.glb
[debug] [asset] load_progress /assets/desk.glb
[debug] [asset] load_progress /assets/desk.glb
[debug] [asset] load_progress /assets/desk.glb
[debug] [asset] load_progress /assets/desk.glb
[debug] [asset] load_progress /assets/desk.glb
[debug] [asset] load_progress /assets/desk.glb
[debug] [asset] load_progress /assets/desk.glb
[debug] [asset] load_progress /assets/desk.glb
[debug] [asset] load_progress /assets/desk.glb
[debug] [asset] load_progress /assets/desk.glb
[debug] [asset] load_progress /assets/desk.glb
[debug] [asset] load_progress /assets/desk.glb
[debug] [asset] load_progress /assets/desk.glb
[debug] [asset] load_progress /assets/desk.glb
[debug] [asset] load_progress /assets/desk.glb
[debug] [asset] load_progress /assets/desk.glb
[debug] [asset] load_progress /assets/desk.glb
[debug] [asset] load_progress /assets/desk.glb
[debug] [asset] load_progress /assets/desk.glb
[debug] [asset] load_progress /assets/desk.glb
[debug] [asset] load_progress /assets/desk.glb
[debug] [asset] load_progress /assets/desk.glb
[debug] [asset] load_progress /assets/desk.glb
[debug] [asset] load_progress /assets/desk.glb
[debug] [asset] load_progress /assets/desk.glb
[debug] [asset] load_progress /assets/desk.glb
[debug] [asset] load_progress /assets/desk.glb
[debug] [asset] load_progress /assets/desk.glb
[debug] [asset] load_progress /assets/desk.glb
[debug] [asset] load_progress /assets/desk.glb
[debug] [asset] load_progress /assets/desk.glb
[debug] [asset] load_progress /assets/desk.glb
[debug] [asset] load_progress /assets/desk.glb
[debug] [asset] load_progress /assets/desk.glb
[debug] [asset] load_progress /assets/desk.glb
[debug] [asset] load_progress /assets/desk.glb
[debug] [asset] load_progress /assets/desk.glb
[debug] [asset] load_progress /assets/desk.glb
[debug] [asset] load_progress /assets/desk.glb
[debug] [asset] load_progress /assets/desk.glb
[debug] [asset] load_progress /assets/desk.glb
[debug] [asset] load_progress /assets/desk.glb
[debug] [asset] load_progress /assets/desk.glb
[debug] [asset] load_progress /assets/desk.glb
[debug] [asset] load_progress /assets/desk.glb
[debug] [asset] load_progress /assets/desk.glb
[debug] [asset] load_progress /assets/desk.glb
[debug] [asset] load_progress /assets/desk.glb
[debug] [asset] load_progress /assets/desk.glb
[debug] [asset] load_progress /assets/desk.glb
[debug] [asset] load_progress /assets/desk.glb
[debug] [asset] load_progress /assets/desk.glb
[debug] [asset] load_progress /assets/desk.glb
[debug] [asset] load_progress /assets/desk.glb
[debug] [asset] load_progress /assets/desk.glb
[debug] [asset] load_progress /assets/desk.glb
[debug] [asset] load_progress /assets/desk.glb
[debug] [asset] load_progress /assets/desk.glb
[debug] [asset] load_progress /assets/desk.glb
[debug] [asset] load_progress /assets/desk.glb
[debug] [asset] load_progress /assets/desk.glb
[debug] [asset] load_progress /assets/desk.glb
[debug] [asset] load_progress /assets/desk.glb
[debug] [asset] load_progress /assets/desk.glb
[debug] [asset] load_progress /assets/desk.glb
[debug] [asset] load_progress /assets/desk.glb
[debug] [asset] load_progress /assets/desk.glb
[debug] [asset] load_progress /assets/desk.glb
[debug] [asset] load_progress /assets/desk.glb
[debug] [asset] load_progress /assets/desk.glb
[debug] [asset] load_progress /assets/desk.glb
[debug] [asset] load_progress /assets/desk.glb
[info] [asset] load_success /assets/desk.glb 132ms
[debug] [asset] load_start /assets/inbox.glb
[debug] [asset] cache_hit /assets/inbox.glb
[debug] [asset] load_progress /assets/inbox.glb
[info] [asset] load_success /assets/inbox.glb 3ms
[debug] [asset] load_start /assets/task_board.glb
[debug] [asset] cache_hit /assets/task_board.glb
[debug] [asset] load_progress /assets/task_board.glb
[info] [asset] load_success /assets/task_board.glb 2ms
[debug] [asset] cache_hit /assets/blocker_cone.glb
[debug] [asset] cache_hit /assets/blocker_cone.glb
[debug] [asset] cache_hit /assets/blocker_cone.glb
[debug] [asset] cache_hit /assets/blocker_cone.glb
[debug] [asset] load_progress /assets/inbox.glb
[info] [asset] load_success /assets/inbox.glb 1727ms
[debug] [asset] load_start /assets/task_board.glb
[debug] [asset] cache_hit /assets/task_board.glb
[debug] [asset] load_progress /assets/task_board.glb
[info] [asset] load_success /assets/task_board.glb 475ms
[debug] [asset] cache_hit /assets/blocker_cone.glb
[debug] [asset] cache_hit /assets/blocker_cone.glb
[debug] [asset] cache_hit /assets/blocker_cone.glb
[debug] [asset] cache_hit /assets/blocker_cone.glb
[debug] [asset] load_start /assets/agent1_skeleton.glb
[debug] [asset] load_start /assets/agent1_animations.glb
[debug] [asset] load_progress /assets/agent1_skeleton.glb
[debug] [asset] load_progress /assets/agent1_animations.glb
[debug] [asset] load_progress /assets/agent1_skeleton.glb
[debug] [asset] load_progress /assets/agent1_animations.glb
[debug] [asset] load_progress /assets/agent1_skeleton.glb
[debug] [asset] load_progress /assets/agent1_animations.glb
[debug] [asset] load_progress /assets/agent1_skeleton.glb
[debug] [asset] load_progress /assets/agent1_skeleton.glb
[debug] [asset] load_progress /assets/agent1_skeleton.glb
[debug] [asset] load_progress /assets/agent1_skeleton.glb
[debug] [asset] load_progress /assets/agent1_skeleton.glb
[debug] [asset] load_progress /assets/agent1_skeleton.glb
[debug] [asset] load_progress /assets/agent1_animations.glb
[debug] [asset] load_progress /assets/agent1_animations.glb
[debug] [asset] load_progress /assets/agent1_animations.glb
[debug] [asset] load_progress /assets/agent1_animations.glb
[debug] [asset] load_progress /assets/agent1_skeleton.glb
[debug] [asset] load_progress /assets/agent1_skeleton.glb
[debug] [asset] load_progress /assets/agent1_animations.glb
[debug] [asset] load_progress /assets/agent1_animations.glb
[info] [asset] load_success /assets/agent1_animations.glb 9732ms
[info] [asset] load_success /assets/agent1_skeleton.glb 9736ms
